{"/home/david/apps/fdapps-tools/fd-rust/index.js": {"path":"/home/david/apps/fdapps-tools/fd-rust/index.js","statementMap":{"0":{"start":{"line":1,"column":15},"end":{"line":1,"column":38}},"1":{"start":{"line":3,"column":13},"end":{"line":3,"column":37}},"2":{"start":{"line":4,"column":16},"end":{"line":4,"column":43}},"3":{"start":{"line":5,"column":15},"end":{"line":5,"column":41}},"4":{"start":{"line":7,"column":0},"end":{"line":14,"column":1}}},"fnMap":{},"branchMap":{},"s":{"0":1,"1":1,"2":1,"3":1,"4":1},"f":{},"b":{},"_coverageSchema":"1a1c01bbd47fc00a2c39e90264f33305004495a9","hash":"1993355af4a1367e4e8224816a04385b880f0782"}
,"/home/david/apps/fdapps-tools/fd-rust/src/js/Hash.js": {"path":"/home/david/apps/fdapps-tools/fd-rust/src/js/Hash.js","statementMap":{"0":{"start":{"line":1,"column":24},"end":{"line":1,"column":46}},"1":{"start":{"line":3,"column":0},"end":{"line":15,"column":1}},"2":{"start":{"line":6,"column":20},"end":{"line":9,"column":5}},"3":{"start":{"line":11,"column":21},"end":{"line":11,"column":52}},"4":{"start":{"line":12,"column":4},"end":{"line":12,"column":15}}},"fnMap":{"0":{"name":"(anonymous_0)","decl":{"start":{"line":5,"column":2},"end":{"line":5,"column":3}},"loc":{"start":{"line":5,"column":25},"end":{"line":13,"column":3}},"line":5}},"branchMap":{},"s":{"0":1,"1":1,"2":0,"3":0,"4":0},"f":{"0":0},"b":{},"_coverageSchema":"1a1c01bbd47fc00a2c39e90264f33305004495a9","hash":"da6646c27047f682d9cf7eeb0f48a2171f46c75b"}
,"/home/david/apps/fdapps-tools/fd-rust/src/js/Network.js": {"path":"/home/david/apps/fdapps-tools/fd-rust/src/js/Network.js","statementMap":{"0":{"start":{"line":1,"column":30},"end":{"line":1,"column":81}},"1":{"start":{"line":2,"column":27},"end":{"line":2,"column":72}},"2":{"start":{"line":4,"column":14},"end":{"line":4,"column":30}},"3":{"start":{"line":5,"column":32},"end":{"line":5,"column":52}},"4":{"start":{"line":6,"column":16},"end":{"line":6,"column":34}},"5":{"start":{"line":8,"column":17},"end":{"line":17,"column":1}},"6":{"start":{"line":9,"column":2},"end":{"line":16,"column":4}},"7":{"start":{"line":19,"column":20},"end":{"line":24,"column":1}},"8":{"start":{"line":20,"column":2},"end":{"line":20,"column":44}},"9":{"start":{"line":21,"column":21},"end":{"line":21,"column":63}},"10":{"start":{"line":22,"column":2},"end":{"line":22,"column":26}},"11":{"start":{"line":23,"column":2},"end":{"line":23,"column":47}},"12":{"start":{"line":26,"column":25},"end":{"line":29,"column":1}},"13":{"start":{"line":27,"column":2},"end":{"line":27,"column":49}},"14":{"start":{"line":28,"column":2},"end":{"line":28,"column":41}},"15":{"start":{"line":31,"column":0},"end":{"line":88,"column":1}},"16":{"start":{"line":41,"column":4},"end":{"line":43,"column":5}},"17":{"start":{"line":42,"column":6},"end":{"line":42,"column":79}},"18":{"start":{"line":45,"column":4},"end":{"line":45,"column":88}},"19":{"start":{"line":45,"column":45},"end":{"line":45,"column":86}},"20":{"start":{"line":47,"column":4},"end":{"line":58,"column":6}},"21":{"start":{"line":49,"column":6},"end":{"line":56,"column":7}},"22":{"start":{"line":50,"column":21},"end":{"line":50,"column":54}},"23":{"start":{"line":51,"column":8},"end":{"line":51,"column":58}},"24":{"start":{"line":52,"column":8},"end":{"line":52,"column":29}},"25":{"start":{"line":54,"column":8},"end":{"line":54,"column":35}},"26":{"start":{"line":55,"column":8},"end":{"line":55,"column":67}},"27":{"start":{"line":60,"column":4},"end":{"line":69,"column":6}},"28":{"start":{"line":61,"column":6},"end":{"line":68,"column":7}},"29":{"start":{"line":62,"column":8},"end":{"line":62,"column":35}},"30":{"start":{"line":63,"column":8},"end":{"line":63,"column":46}},"31":{"start":{"line":66,"column":8},"end":{"line":66,"column":35}},"32":{"start":{"line":67,"column":8},"end":{"line":67,"column":67}},"33":{"start":{"line":71,"column":4},"end":{"line":76,"column":6}},"34":{"start":{"line":72,"column":6},"end":{"line":72,"column":41}},"35":{"start":{"line":73,"column":33},"end":{"line":73,"column":41}},"36":{"start":{"line":74,"column":6},"end":{"line":74,"column":38}},"37":{"start":{"line":75,"column":6},"end":{"line":75,"column":27}},"38":{"start":{"line":81,"column":4},"end":{"line":81,"column":37}},"39":{"start":{"line":85,"column":4},"end":{"line":85,"column":36}}},"fnMap":{"0":{"name":"(anonymous_0)","decl":{"start":{"line":8,"column":17},"end":{"line":8,"column":18}},"loc":{"start":{"line":8,"column":23},"end":{"line":17,"column":1}},"line":8},"1":{"name":"(anonymous_1)","decl":{"start":{"line":19,"column":20},"end":{"line":19,"column":21}},"loc":{"start":{"line":19,"column":39},"end":{"line":24,"column":1}},"line":19},"2":{"name":"(anonymous_2)","decl":{"start":{"line":26,"column":25},"end":{"line":26,"column":26}},"loc":{"start":{"line":26,"column":51},"end":{"line":29,"column":1}},"line":26},"3":{"name":"(anonymous_3)","decl":{"start":{"line":38,"column":2},"end":{"line":38,"column":3}},"loc":{"start":{"line":38,"column":23},"end":{"line":78,"column":3}},"line":38},"4":{"name":"(anonymous_4)","decl":{"start":{"line":45,"column":25},"end":{"line":45,"column":26}},"loc":{"start":{"line":45,"column":45},"end":{"line":45,"column":86}},"line":45},"5":{"name":"(anonymous_5)","decl":{"start":{"line":47,"column":25},"end":{"line":47,"column":26}},"loc":{"start":{"line":47,"column":45},"end":{"line":58,"column":5}},"line":47},"6":{"name":"(anonymous_6)","decl":{"start":{"line":60,"column":33},"end":{"line":60,"column":34}},"loc":{"start":{"line":60,"column":53},"end":{"line":69,"column":5}},"line":60},"7":{"name":"(anonymous_7)","decl":{"start":{"line":71,"column":37},"end":{"line":71,"column":38}},"loc":{"start":{"line":71,"column":51},"end":{"line":76,"column":5}},"line":71},"8":{"name":"(anonymous_8)","decl":{"start":{"line":80,"column":2},"end":{"line":80,"column":3}},"loc":{"start":{"line":80,"column":18},"end":{"line":82,"column":3}},"line":80},"9":{"name":"(anonymous_9)","decl":{"start":{"line":84,"column":2},"end":{"line":84,"column":3}},"loc":{"start":{"line":84,"column":17},"end":{"line":86,"column":3}},"line":84}},"branchMap":{"0":{"loc":{"start":{"line":1,"column":30},"end":{"line":1,"column":81}},"type":"binary-expr","locations":[{"start":{"line":1,"column":30},"end":{"line":1,"column":63}},{"start":{"line":1,"column":67},"end":{"line":1,"column":81}}],"line":1},"1":{"loc":{"start":{"line":2,"column":27},"end":{"line":2,"column":72}},"type":"binary-expr","locations":[{"start":{"line":2,"column":27},"end":{"line":2,"column":57}},{"start":{"line":2,"column":61},"end":{"line":2,"column":72}}],"line":2},"2":{"loc":{"start":{"line":21,"column":21},"end":{"line":21,"column":63}},"type":"binary-expr","locations":[{"start":{"line":21,"column":21},"end":{"line":21,"column":57}},{"start":{"line":21,"column":61},"end":{"line":21,"column":63}}],"line":21},"3":{"loc":{"start":{"line":41,"column":4},"end":{"line":43,"column":5}},"type":"if","locations":[{"start":{"line":41,"column":4},"end":{"line":43,"column":5}},{"start":{},"end":{}}],"line":41}},"s":{"0":1,"1":1,"2":1,"3":1,"4":1,"5":1,"6":0,"7":1,"8":0,"9":0,"10":0,"11":0,"12":1,"13":0,"14":0,"15":1,"16":0,"17":0,"18":0,"19":0,"20":0,"21":0,"22":0,"23":0,"24":0,"25":0,"26":0,"27":0,"28":0,"29":0,"30":0,"31":0,"32":0,"33":0,"34":0,"35":0,"36":0,"37":0,"38":0,"39":0},"f":{"0":0,"1":0,"2":0,"3":0,"4":0,"5":0,"6":0,"7":0,"8":0,"9":0},"b":{"0":[1,1],"1":[1,1],"2":[0,0],"3":[0,0]},"_coverageSchema":"1a1c01bbd47fc00a2c39e90264f33305004495a9","hash":"5aedb5f5e5719d72fd41bb4bf2f702ba524daf42"}
,"/home/david/apps/fdapps-tools/fd-rust/src/js/Node.js": {"path":"/home/david/apps/fdapps-tools/fd-rust/src/js/Node.js","statementMap":{"0":{"start":{"line":1,"column":27},"end":{"line":1,"column":72}},"1":{"start":{"line":2,"column":30},"end":{"line":2,"column":81}},"2":{"start":{"line":3,"column":27},"end":{"line":3,"column":44}},"3":{"start":{"line":4,"column":32},"end":{"line":4,"column":52}},"4":{"start":{"line":5,"column":22},"end":{"line":5,"column":42}},"5":{"start":{"line":15,"column":0},"end":{"line":190,"column":4}},"6":{"start":{"line":23,"column":17},"end":{"line":23,"column":39}},"7":{"start":{"line":25,"column":4},"end":{"line":46,"column":5}},"8":{"start":{"line":26,"column":6},"end":{"line":26,"column":84}},"9":{"start":{"line":28,"column":6},"end":{"line":39,"column":7}},"10":{"start":{"line":30,"column":21},"end":{"line":30,"column":99}},"11":{"start":{"line":31,"column":25},"end":{"line":31,"column":89}},"12":{"start":{"line":33,"column":8},"end":{"line":33,"column":56}},"13":{"start":{"line":36,"column":8},"end":{"line":36,"column":35}},"14":{"start":{"line":37,"column":8},"end":{"line":37,"column":115}},"15":{"start":{"line":38,"column":8},"end":{"line":38,"column":23}},"16":{"start":{"line":43,"column":6},"end":{"line":43,"column":102}},"17":{"start":{"line":44,"column":6},"end":{"line":44,"column":71}},"18":{"start":{"line":50,"column":4},"end":{"line":50,"column":38}},"19":{"start":{"line":55,"column":18},"end":{"line":55,"column":57}},"20":{"start":{"line":56,"column":4},"end":{"line":56,"column":20}},"21":{"start":{"line":58,"column":4},"end":{"line":58,"column":48}},"22":{"start":{"line":63,"column":4},"end":{"line":63,"column":38}},"23":{"start":{"line":64,"column":22},"end":{"line":64,"column":32}},"24":{"start":{"line":65,"column":18},"end":{"line":65,"column":41}},"25":{"start":{"line":67,"column":4},"end":{"line":67,"column":79}},"26":{"start":{"line":67,"column":47},"end":{"line":67,"column":77}},"27":{"start":{"line":69,"column":24},"end":{"line":69,"column":112}},"28":{"start":{"line":69,"column":45},"end":{"line":69,"column":111}},"29":{"start":{"line":71,"column":4},"end":{"line":71,"column":43}},"30":{"start":{"line":73,"column":4},"end":{"line":73,"column":28}},"31":{"start":{"line":77,"column":4},"end":{"line":91,"column":6}},"32":{"start":{"line":78,"column":6},"end":{"line":90,"column":10}},"33":{"start":{"line":80,"column":10},"end":{"line":85,"column":11}},"34":{"start":{"line":81,"column":12},"end":{"line":81,"column":38}},"35":{"start":{"line":82,"column":12},"end":{"line":82,"column":25}},"36":{"start":{"line":84,"column":12},"end":{"line":84,"column":25}},"37":{"start":{"line":88,"column":10},"end":{"line":88,"column":55}},"38":{"start":{"line":89,"column":10},"end":{"line":89,"column":23}},"39":{"start":{"line":102,"column":4},"end":{"line":102,"column":59}},"40":{"start":{"line":103,"column":23},"end":{"line":103,"column":66}},"41":{"start":{"line":104,"column":18},"end":{"line":104,"column":37}},"42":{"start":{"line":106,"column":4},"end":{"line":127,"column":5}},"43":{"start":{"line":106,"column":21},"end":{"line":106,"column":22}},"44":{"start":{"line":107,"column":19},"end":{"line":107,"column":36}},"45":{"start":{"line":109,"column":25},"end":{"line":109,"column":80}},"46":{"start":{"line":110,"column":6},"end":{"line":110,"column":53}},"47":{"start":{"line":113,"column":6},"end":{"line":121,"column":7}},"48":{"start":{"line":115,"column":8},"end":{"line":115,"column":35}},"49":{"start":{"line":118,"column":8},"end":{"line":118,"column":24}},"50":{"start":{"line":120,"column":8},"end":{"line":120,"column":16}},"51":{"start":{"line":123,"column":6},"end":{"line":126,"column":7}},"52":{"start":{"line":125,"column":8},"end":{"line":125,"column":35}},"53":{"start":{"line":130,"column":4},"end":{"line":130,"column":55}},"54":{"start":{"line":133,"column":4},"end":{"line":133,"column":47}},"55":{"start":{"line":136,"column":4},"end":{"line":136,"column":48}},"56":{"start":{"line":137,"column":4},"end":{"line":137,"column":45}},"57":{"start":{"line":139,"column":4},"end":{"line":139,"column":57}},"58":{"start":{"line":145,"column":4},"end":{"line":165,"column":5}},"59":{"start":{"line":146,"column":6},"end":{"line":146,"column":44}},"60":{"start":{"line":147,"column":6},"end":{"line":154,"column":7}},"61":{"start":{"line":149,"column":8},"end":{"line":151,"column":9}},"62":{"start":{"line":149,"column":48},"end":{"line":149,"column":88}},"63":{"start":{"line":150,"column":10},"end":{"line":150,"column":44}},"64":{"start":{"line":153,"column":8},"end":{"line":153,"column":40}},"65":{"start":{"line":156,"column":6},"end":{"line":156,"column":47}},"66":{"start":{"line":157,"column":6},"end":{"line":164,"column":7}},"67":{"start":{"line":159,"column":8},"end":{"line":161,"column":9}},"68":{"start":{"line":159,"column":50},"end":{"line":159,"column":90}},"69":{"start":{"line":160,"column":10},"end":{"line":160,"column":46}},"70":{"start":{"line":163,"column":8},"end":{"line":163,"column":42}},"71":{"start":{"line":166,"column":4},"end":{"line":166,"column":50}},"72":{"start":{"line":170,"column":21},"end":{"line":170,"column":43}},"73":{"start":{"line":172,"column":18},"end":{"line":172,"column":37}},"74":{"start":{"line":173,"column":17},"end":{"line":173,"column":40}},"75":{"start":{"line":175,"column":21},"end":{"line":180,"column":6}},"76":{"start":{"line":176,"column":6},"end":{"line":176,"column":68}},"77":{"start":{"line":177,"column":6},"end":{"line":179,"column":7}},"78":{"start":{"line":178,"column":8},"end":{"line":178,"column":83}},"79":{"start":{"line":181,"column":4},"end":{"line":181,"column":38}},"80":{"start":{"line":184,"column":2},"end":{"line":188,"column":3}}},"fnMap":{"0":{"name":"(anonymous_0)","decl":{"start":{"line":15,"column":18},"end":{"line":15,"column":19}},"loc":{"start":{"line":15,"column":24},"end":{"line":190,"column":1}},"line":15},"1":{"name":"init","decl":{"start":{"line":20,"column":17},"end":{"line":20,"column":21}},"loc":{"start":{"line":20,"column":24},"end":{"line":47,"column":3}},"line":20},"2":{"name":"getNodeList","decl":{"start":{"line":49,"column":11},"end":{"line":49,"column":22}},"loc":{"start":{"line":49,"column":25},"end":{"line":51,"column":3}},"line":49},"3":{"name":"insertNode","decl":{"start":{"line":53,"column":17},"end":{"line":53,"column":27}},"loc":{"start":{"line":53,"column":34},"end":{"line":59,"column":3}},"line":53},"4":{"name":"checkNodesIsUp","decl":{"start":{"line":62,"column":17},"end":{"line":62,"column":31}},"loc":{"start":{"line":62,"column":63},"end":{"line":74,"column":3}},"line":62},"5":{"name":"(anonymous_5)","decl":{"start":{"line":67,"column":39},"end":{"line":67,"column":40}},"loc":{"start":{"line":67,"column":47},"end":{"line":67,"column":77}},"line":67},"6":{"name":"(anonymous_6)","decl":{"start":{"line":69,"column":37},"end":{"line":69,"column":38}},"loc":{"start":{"line":69,"column":45},"end":{"line":69,"column":111}},"line":69},"7":{"name":"checkHostIsUp","decl":{"start":{"line":76,"column":17},"end":{"line":76,"column":30}},"loc":{"start":{"line":76,"column":61},"end":{"line":92,"column":3}},"line":76},"8":{"name":"(anonymous_8)","decl":{"start":{"line":77,"column":23},"end":{"line":77,"column":24}},"loc":{"start":{"line":77,"column":44},"end":{"line":91,"column":5}},"line":77},"9":{"name":"(anonymous_9)","decl":{"start":{"line":79,"column":14},"end":{"line":79,"column":15}},"loc":{"start":{"line":79,"column":26},"end":{"line":86,"column":9}},"line":79},"10":{"name":"(anonymous_10)","decl":{"start":{"line":87,"column":15},"end":{"line":87,"column":16}},"loc":{"start":{"line":87,"column":24},"end":{"line":90,"column":9}},"line":87},"11":{"name":"syncJoinRequests","decl":{"start":{"line":100,"column":17},"end":{"line":100,"column":33}},"loc":{"start":{"line":100,"column":36},"end":{"line":140,"column":3}},"line":100},"12":{"name":"setApprovalOrInapproval","decl":{"start":{"line":143,"column":17},"end":{"line":143,"column":40}},"loc":{"start":{"line":143,"column":59},"end":{"line":167,"column":3}},"line":143},"13":{"name":"(anonymous_13)","decl":{"start":{"line":149,"column":36},"end":{"line":149,"column":37}},"loc":{"start":{"line":149,"column":48},"end":{"line":149,"column":88}},"line":149},"14":{"name":"(anonymous_14)","decl":{"start":{"line":159,"column":38},"end":{"line":159,"column":39}},"loc":{"start":{"line":159,"column":50},"end":{"line":159,"column":90}},"line":159},"15":{"name":"broadcastFile","decl":{"start":{"line":169,"column":17},"end":{"line":169,"column":30}},"loc":{"start":{"line":169,"column":42},"end":{"line":182,"column":3}},"line":169},"16":{"name":"(anonymous_16)","decl":{"start":{"line":175,"column":31},"end":{"line":175,"column":32}},"loc":{"start":{"line":175,"column":39},"end":{"line":180,"column":5}},"line":175}},"branchMap":{"0":{"loc":{"start":{"line":1,"column":27},"end":{"line":1,"column":72}},"type":"binary-expr","locations":[{"start":{"line":1,"column":27},"end":{"line":1,"column":57}},{"start":{"line":1,"column":61},"end":{"line":1,"column":72}}],"line":1},"1":{"loc":{"start":{"line":2,"column":30},"end":{"line":2,"column":81}},"type":"binary-expr","locations":[{"start":{"line":2,"column":30},"end":{"line":2,"column":63}},{"start":{"line":2,"column":67},"end":{"line":2,"column":81}}],"line":2},"2":{"loc":{"start":{"line":25,"column":4},"end":{"line":46,"column":5}},"type":"if","locations":[{"start":{"line":25,"column":4},"end":{"line":46,"column":5}},{"start":{"line":41,"column":11},"end":{"line":46,"column":5}}],"line":25},"3":{"loc":{"start":{"line":55,"column":18},"end":{"line":55,"column":57}},"type":"binary-expr","locations":[{"start":{"line":55,"column":18},"end":{"line":55,"column":51}},{"start":{"line":55,"column":55},"end":{"line":55,"column":57}}],"line":55},"4":{"loc":{"start":{"line":62,"column":32},"end":{"line":62,"column":61}},"type":"default-arg","locations":[{"start":{"line":62,"column":43},"end":{"line":62,"column":61}}],"line":62},"5":{"loc":{"start":{"line":69,"column":45},"end":{"line":69,"column":111}},"type":"binary-expr","locations":[{"start":{"line":69,"column":45},"end":{"line":69,"column":72}},{"start":{"line":69,"column":76},"end":{"line":69,"column":111}}],"line":69},"6":{"loc":{"start":{"line":76,"column":37},"end":{"line":76,"column":59}},"type":"default-arg","locations":[{"start":{"line":76,"column":49},"end":{"line":76,"column":59}}],"line":76},"7":{"loc":{"start":{"line":80,"column":10},"end":{"line":85,"column":11}},"type":"if","locations":[{"start":{"line":80,"column":10},"end":{"line":85,"column":11}},{"start":{"line":83,"column":17},"end":{"line":85,"column":11}}],"line":80},"8":{"loc":{"start":{"line":113,"column":6},"end":{"line":121,"column":7}},"type":"if","locations":[{"start":{"line":113,"column":6},"end":{"line":121,"column":7}},{"start":{},"end":{}}],"line":113},"9":{"loc":{"start":{"line":123,"column":6},"end":{"line":126,"column":7}},"type":"if","locations":[{"start":{"line":123,"column":6},"end":{"line":126,"column":7}},{"start":{},"end":{}}],"line":123},"10":{"loc":{"start":{"line":145,"column":4},"end":{"line":165,"column":5}},"type":"if","locations":[{"start":{"line":145,"column":4},"end":{"line":165,"column":5}},{"start":{"line":155,"column":11},"end":{"line":165,"column":5}}],"line":145},"11":{"loc":{"start":{"line":147,"column":6},"end":{"line":154,"column":7}},"type":"if","locations":[{"start":{"line":147,"column":6},"end":{"line":154,"column":7}},{"start":{"line":152,"column":13},"end":{"line":154,"column":7}}],"line":147},"12":{"loc":{"start":{"line":149,"column":8},"end":{"line":151,"column":9}},"type":"if","locations":[{"start":{"line":149,"column":8},"end":{"line":151,"column":9}},{"start":{},"end":{}}],"line":149},"13":{"loc":{"start":{"line":157,"column":6},"end":{"line":164,"column":7}},"type":"if","locations":[{"start":{"line":157,"column":6},"end":{"line":164,"column":7}},{"start":{"line":162,"column":13},"end":{"line":164,"column":7}}],"line":157},"14":{"loc":{"start":{"line":159,"column":8},"end":{"line":161,"column":9}},"type":"if","locations":[{"start":{"line":159,"column":8},"end":{"line":161,"column":9}},{"start":{},"end":{}}],"line":159},"15":{"loc":{"start":{"line":177,"column":6},"end":{"line":179,"column":7}},"type":"if","locations":[{"start":{"line":177,"column":6},"end":{"line":179,"column":7}},{"start":{},"end":{}}],"line":177}},"s":{"0":1,"1":1,"2":1,"3":1,"4":1,"5":1,"6":0,"7":0,"8":0,"9":0,"10":0,"11":0,"12":0,"13":0,"14":0,"15":0,"16":0,"17":0,"18":0,"19":0,"20":0,"21":0,"22":0,"23":0,"24":0,"25":0,"26":0,"27":0,"28":0,"29":0,"30":0,"31":0,"32":0,"33":0,"34":0,"35":0,"36":0,"37":0,"38":0,"39":0,"40":0,"41":0,"42":0,"43":0,"44":0,"45":0,"46":0,"47":0,"48":0,"49":0,"50":0,"51":0,"52":0,"53":0,"54":0,"55":0,"56":0,"57":0,"58":0,"59":0,"60":0,"61":0,"62":0,"63":0,"64":0,"65":0,"66":0,"67":0,"68":0,"69":0,"70":0,"71":0,"72":0,"73":0,"74":0,"75":0,"76":0,"77":0,"78":0,"79":0,"80":1},"f":{"0":1,"1":0,"2":0,"3":0,"4":0,"5":0,"6":0,"7":0,"8":0,"9":0,"10":0,"11":0,"12":0,"13":0,"14":0,"15":0,"16":0},"b":{"0":[1,1],"1":[1,1],"2":[0,0],"3":[0,0],"4":[0],"5":[0,0],"6":[0],"7":[0,0],"8":[0,0],"9":[0,0],"10":[0,0],"11":[0,0],"12":[0,0],"13":[0,0],"14":[0,0],"15":[0,0]},"_coverageSchema":"1a1c01bbd47fc00a2c39e90264f33305004495a9","hash":"1886b83e987df5fe13d317187fee8aa1088de975"}
,"/home/david/apps/fdapps-tools/fd-rust/src/js/Storage.js": {"path":"/home/david/apps/fdapps-tools/fd-rust/src/js/Storage.js","statementMap":{"0":{"start":{"line":1,"column":11},"end":{"line":1,"column":33}},"1":{"start":{"line":2,"column":13},"end":{"line":2,"column":28}},"2":{"start":{"line":4,"column":0},"end":{"line":23,"column":1}},"3":{"start":{"line":7,"column":15},"end":{"line":7,"column":19}},"4":{"start":{"line":9,"column":4},"end":{"line":14,"column":5}},"5":{"start":{"line":10,"column":6},"end":{"line":10,"column":67}},"6":{"start":{"line":13,"column":6},"end":{"line":13,"column":15}},"7":{"start":{"line":16,"column":4},"end":{"line":16,"column":27}},"8":{"start":{"line":20,"column":4},"end":{"line":20,"column":73}},"9":{"start":{"line":21,"column":4},"end":{"line":21,"column":15}}},"fnMap":{"0":{"name":"(anonymous_0)","decl":{"start":{"line":6,"column":2},"end":{"line":6,"column":3}},"loc":{"start":{"line":6,"column":26},"end":{"line":17,"column":3}},"line":6},"1":{"name":"(anonymous_1)","decl":{"start":{"line":19,"column":2},"end":{"line":19,"column":3}},"loc":{"start":{"line":19,"column":35},"end":{"line":22,"column":3}},"line":19}},"branchMap":{},"s":{"0":1,"1":1,"2":1,"3":0,"4":0,"5":0,"6":0,"7":0,"8":0,"9":0},"f":{"0":0,"1":0},"b":{},"_coverageSchema":"1a1c01bbd47fc00a2c39e90264f33305004495a9","hash":"7187a9a589102ab253e968bfcf7f96a9cf23a206"}
,"/home/david/apps/fdapps-tools/fd-rust/src/js/Tunnel.js": {"path":"/home/david/apps/fdapps-tools/fd-rust/src/js/Tunnel.js","statementMap":{"0":{"start":{"line":1,"column":16},"end":{"line":1,"column":17}},"1":{"start":{"line":3,"column":0},"end":{"line":23,"column":1}},"2":{"start":{"line":6,"column":23},"end":{"line":8,"column":5}},"3":{"start":{"line":10,"column":19},"end":{"line":10,"column":27}},"4":{"start":{"line":12,"column":19},"end":{"line":12,"column":65}},"5":{"start":{"line":13,"column":4},"end":{"line":13,"column":39}},"6":{"start":{"line":15,"column":4},"end":{"line":18,"column":7}},"7":{"start":{"line":16,"column":6},"end":{"line":16,"column":64}},"8":{"start":{"line":17,"column":6},"end":{"line":17,"column":19}},"9":{"start":{"line":20,"column":4},"end":{"line":20,"column":17}}},"fnMap":{"0":{"name":"(anonymous_0)","decl":{"start":{"line":5,"column":2},"end":{"line":5,"column":3}},"loc":{"start":{"line":5,"column":26},"end":{"line":21,"column":3}},"line":5},"1":{"name":"(anonymous_1)","decl":{"start":{"line":15,"column":23},"end":{"line":15,"column":24}},"loc":{"start":{"line":15,"column":29},"end":{"line":18,"column":5}},"line":15}},"branchMap":{"0":{"loc":{"start":{"line":12,"column":36},"end":{"line":12,"column":50}},"type":"binary-expr","locations":[{"start":{"line":12,"column":36},"end":{"line":12,"column":45}},{"start":{"line":12,"column":49},"end":{"line":12,"column":50}}],"line":12},"1":{"loc":{"start":{"line":16,"column":18},"end":{"line":16,"column":64}},"type":"cond-expr","locations":[{"start":{"line":16,"column":46},"end":{"line":16,"column":60}},{"start":{"line":16,"column":63},"end":{"line":16,"column":64}}],"line":16}},"s":{"0":1,"1":1,"2":0,"3":0,"4":0,"5":0,"6":0,"7":0,"8":0,"9":0},"f":{"0":0,"1":0},"b":{"0":[0,0],"1":[0,0]},"_coverageSchema":"1a1c01bbd47fc00a2c39e90264f33305004495a9","hash":"947aab7450cc4c1ccb66f43b8c705f6d1eb82682"}
}
